

============================== 2022-11-05 10:12:10.519918 | 8105c712-0cda-404c-90eb-c55c998388b5 ==============================
[0m10:12:10.519929 [info ] [MainThread]: Running with dbt=1.2.0
[0m10:12:10.520567 [debug] [MainThread]: running dbt with arguments {'write_json': True, 'use_colors': True, 'printer_width': 80, 'version_check': True, 'partial_parse': True, 'static_parser': True, 'profiles_dir': '/home/gitpod/.dbt', 'send_anonymous_usage_stats': True, 'event_buffer_size': 100000, 'quiet': False, 'no_print': False, 'skip_profile_setup': False, 'which': 'init', 'indirect_selection': 'eager'}
[0m10:12:10.520814 [debug] [MainThread]: Tracking: tracking
[0m10:12:10.563759 [debug] [MainThread]: Sending event: {'category': 'dbt', 'action': 'invocation', 'label': 'start', 'context': [<snowplow_tracker.self_describing_json.SelfDescribingJson object at 0x7f41b52cab80>, <snowplow_tracker.self_describing_json.SelfDescribingJson object at 0x7f41b52caac0>, <snowplow_tracker.self_describing_json.SelfDescribingJson object at 0x7f41b52ca8e0>]}
[0m10:12:10.564202 [info ] [MainThread]: Creating dbt configuration folder at /home/gitpod/.dbt
[0m10:12:13.651782 [debug] [MainThread]: Starter project path: /workspace/swu-ds525/ENV/lib/python3.8/site-packages/dbt/include/starter_project
[0m10:12:19.133580 [info ] [MainThread]: Profile jaffle written to /home/gitpod/.dbt/profiles.yml using target's sample configuration. Once updated, you'll be able to start developing with dbt.
[0m10:12:19.134149 [info ] [MainThread]: 
Your new dbt project "jaffle" was created!

For more information on how to configure the profiles.yml file,
please consult the dbt documentation here:

  https://docs.getdbt.com/docs/configure-your-profile

One more thing:

Need help? Don't hesitate to reach out to us via GitHub issues or on Slack:

  https://community.getdbt.com/

Happy modeling!

[0m10:12:19.134706 [debug] [MainThread]: Sending event: {'category': 'dbt', 'action': 'invocation', 'label': 'end', 'context': [<snowplow_tracker.self_describing_json.SelfDescribingJson object at 0x7f41b3b3c130>, <snowplow_tracker.self_describing_json.SelfDescribingJson object at 0x7f41b3acb220>, <snowplow_tracker.self_describing_json.SelfDescribingJson object at 0x7f41b3acb4c0>]}


============================== 2022-11-10 16:07:14.073019 | a9c2f64f-4636-4476-8afd-8a71c3b3885f ==============================
[0m16:07:14.073039 [info ] [MainThread]: Running with dbt=1.2.0
[0m16:07:14.074194 [debug] [MainThread]: running dbt with arguments {'write_json': True, 'use_colors': True, 'printer_width': 80, 'version_check': True, 'partial_parse': True, 'static_parser': True, 'profiles_dir': '/Users/JC/.dbt', 'send_anonymous_usage_stats': True, 'event_buffer_size': 100000, 'quiet': False, 'no_print': False, 'skip_profile_setup': False, 'which': 'init', 'indirect_selection': 'eager'}
[0m16:07:14.074364 [debug] [MainThread]: Tracking: tracking
[0m16:07:14.140457 [debug] [MainThread]: Sending event: {'category': 'dbt', 'action': 'invocation', 'label': 'start', 'context': [<snowplow_tracker.self_describing_json.SelfDescribingJson object at 0x7fd13113c100>, <snowplow_tracker.self_describing_json.SelfDescribingJson object at 0x7fd1311373a0>, <snowplow_tracker.self_describing_json.SelfDescribingJson object at 0x7fd1311371c0>]}
[0m16:07:14.141890 [info ] [MainThread]: Creating dbt configuration folder at /Users/JC/.dbt
[0m16:08:23.135519 [info ] [MainThread]: A project called jaffle already exists here.
[0m16:08:23.138625 [debug] [MainThread]: Sending event: {'category': 'dbt', 'action': 'invocation', 'label': 'end', 'context': [<snowplow_tracker.self_describing_json.SelfDescribingJson object at 0x7fd13112a430>, <snowplow_tracker.self_describing_json.SelfDescribingJson object at 0x7fd13112a0a0>, <snowplow_tracker.self_describing_json.SelfDescribingJson object at 0x7fd13112aca0>]}


============================== 2022-11-10 16:23:58.106880 | f88b5d2e-5a87-4621-a7ae-8ebf245582a9 ==============================
[0m16:23:58.106903 [info ] [MainThread]: Running with dbt=1.2.0
[0m16:23:58.107542 [debug] [MainThread]: running dbt with arguments {'write_json': True, 'use_colors': True, 'printer_width': 80, 'version_check': True, 'partial_parse': True, 'static_parser': True, 'profiles_dir': '/Users/JC/.dbt', 'send_anonymous_usage_stats': True, 'event_buffer_size': 100000, 'quiet': False, 'no_print': False, 'config_dir': False, 'which': 'debug', 'indirect_selection': 'eager'}
[0m16:23:58.107918 [debug] [MainThread]: Tracking: tracking
[0m16:23:58.151823 [debug] [MainThread]: Sending event: {'category': 'dbt', 'action': 'invocation', 'label': 'start', 'context': [<snowplow_tracker.self_describing_json.SelfDescribingJson object at 0x7fa761c6c100>, <snowplow_tracker.self_describing_json.SelfDescribingJson object at 0x7fa761c29970>, <snowplow_tracker.self_describing_json.SelfDescribingJson object at 0x7fa761c670a0>]}
[0m16:23:59.532434 [debug] [MainThread]: Executing "git --help"
[0m16:23:59.553493 [debug] [MainThread]: STDOUT: "b"usage: git [-v | --version] [-h | --help] [-C <path>] [-c <name>=<value>]\n           [--exec-path[=<path>]] [--html-path] [--man-path] [--info-path]\n           [-p | --paginate | -P | --no-pager] [--no-replace-objects] [--bare]\n           [--git-dir=<path>] [--work-tree=<path>] [--namespace=<name>]\n           [--super-prefix=<path>] [--config-env=<name>=<envvar>]\n           <command> [<args>]\n\nThese are common Git commands used in various situations:\n\nstart a working area (see also: git help tutorial)\n   clone     Clone a repository into a new directory\n   init      Create an empty Git repository or reinitialize an existing one\n\nwork on the current change (see also: git help everyday)\n   add       Add file contents to the index\n   mv        Move or rename a file, a directory, or a symlink\n   restore   Restore working tree files\n   rm        Remove files from the working tree and from the index\n\nexamine the history and state (see also: git help revisions)\n   bisect    Use binary search to find the commit that introduced a bug\n   diff      Show changes between commits, commit and working tree, etc\n   grep      Print lines matching a pattern\n   log       Show commit logs\n   show      Show various types of objects\n   status    Show the working tree status\n\ngrow, mark and tweak your common history\n   branch    List, create, or delete branches\n   commit    Record changes to the repository\n   merge     Join two or more development histories together\n   rebase    Reapply commits on top of another base tip\n   reset     Reset current HEAD to the specified state\n   switch    Switch branches\n   tag       Create, list, delete or verify a tag object signed with GPG\n\ncollaborate (see also: git help workflows)\n   fetch     Download objects and refs from another repository\n   pull      Fetch from and integrate with another repository or a local branch\n   push      Update remote refs along with associated objects\n\n'git help -a' and 'git help -g' list available subcommands and some\nconcept guides. See 'git help <command>' or 'git help <concept>'\nto read about a specific subcommand or concept.\nSee 'git help git' for an overview of the system.\n""
[0m16:23:59.554641 [debug] [MainThread]: STDERR: "b''"
[0m16:23:59.588108 [debug] [MainThread]: Acquiring new postgres connection "debug"
[0m16:23:59.589880 [debug] [MainThread]: Using postgres connection "debug"
[0m16:23:59.590112 [debug] [MainThread]: On debug: select 1 as id
[0m16:23:59.590292 [debug] [MainThread]: Opening a new connection, currently in state init
[0m16:23:59.653761 [debug] [MainThread]: SQL status: SELECT 1 in 0.06 seconds
[0m16:23:59.655435 [debug] [MainThread]: On debug: Close
[0m16:23:59.655969 [debug] [MainThread]: Sending event: {'category': 'dbt', 'action': 'invocation', 'label': 'end', 'context': [<snowplow_tracker.self_describing_json.SelfDescribingJson object at 0x7fa740ca5760>, <snowplow_tracker.self_describing_json.SelfDescribingJson object at 0x7fa740ca47c0>, <snowplow_tracker.self_describing_json.SelfDescribingJson object at 0x7fa740ca4700>]}
[0m16:24:01.142902 [debug] [MainThread]: Connection 'debug' was properly closed.
